<?xml version="1.0" encoding="UTF-8"?>
<!-- Generated by org.testng.reporters.JUnitXMLReporter -->
<testsuite ignored="4" hostname="DESKTOP-4D7QFBF" failures="0" tests="7" name="Default test" time="9.128" errors="0" timestamp="2021-07-10T15:50:38 EET">
  <testcase classname="TTD_BankApp.Test.Admin_AddAccounts" name="AdminLogin" time="1.309"/>
  <testcase classname="TTD_BankApp.Test.Admin_AddAccounts" name="AddCustomer" time="0.671"/>
  <testcase classname="TTD_BankApp.Test.Admin_AddAccounts" name="EnterCustomerData" time="1.113"/>
  <testcase classname="TTD_BankApp.Test.Admin_AddAccounts" name="EnterCustomerData" time="0.386"/>
  <testcase classname="TTD_BankApp.Test.Admin_OpenAccount" name="OpenAccount" time="1.048"/>
  <testcase classname="TTD_BankApp.Test.Admin_OpenAccount" name="OpenAccount" time="0.35"/>
  <testcase classname="TTD_BankApp.Test.Admin_Customers" name="FindCustomer" time="0.817"/>
  <testcase classname="TTD_BankApp.Test.webDriverStarter" name="@BeforeSuite setup" time="0.0">
    <ignored/>
  </testcase> <!-- @BeforeSuite setup -->
  <testcase classname="TTD_BankApp.Test.webDriverStarter" name="@BeforeSuite setup" time="0.0">
    <ignored/>
  </testcase> <!-- @BeforeSuite setup -->
  <testcase classname="TTD_BankApp.Test.webDriverStarter" name="@AfterSuite tearDown" time="0.0">
    <ignored/>
  </testcase> <!-- @AfterSuite tearDown -->
  <testcase classname="TTD_BankApp.Test.webDriverStarter" name="@AfterSuite tearDown" time="0.0">
    <ignored/>
  </testcase> <!-- @AfterSuite tearDown -->
</testsuite> <!-- Default test -->
