<?xml version="1.0" encoding="UTF-8"?>
<!-- Generated by org.testng.reporters.JUnitXMLReporter -->
<testsuite ignored="0" hostname="DESKTOP-4D7QFBF" failures="0" tests="3" name="TVS_AUTO_TESTS 1" time="0.094" errors="0" timestamp="2021-07-10T01:33:01 EET">
  <testcase classname="TTD_BankApp.Test.Admin_AddAccounts" name="@BeforeTest Setup" time="0.001">
    <failure type="java.lang.NullPointerException" message="Cannot invoke &amp;quot;TTD_BankApp.Test.DriverSingleton.getURL()&amp;quot; because &amp;quot;this.driverSingleton&amp;quot; is null">
      <![CDATA[java.lang.NullPointerException: Cannot invoke "TTD_BankApp.Test.DriverSingleton.getURL()" because "this.driverSingleton" is null
at TTD_BankApp.Test.Admin_AddAccounts.Setup(Admin_AddAccounts.java:20)
... Removed 24 stack frames]]>
    </failure>
  </testcase> <!-- @BeforeTest Setup -->
  <testcase classname="TTD_BankApp.Test.Admin_AddAccounts" name="AdminLogin" time="0.0">
    <skipped/>
  </testcase> <!-- AdminLogin -->
  <testcase classname="TTD_BankApp.Test.Admin_AddAccounts" name="AddCustomer" time="0.0">
    <skipped/>
  </testcase> <!-- AddCustomer -->
  <testcase classname="TTD_BankApp.Test.Admin_AddAccounts" name="EnterCustomerData" time="0.0">
    <skipped/>
  </testcase> <!-- EnterCustomerData -->
</testsuite> <!-- TVS_AUTO_TESTS 1 -->
